{"/Users/arun/Documents/Coding/vue2/todoApp/todolist/src/components/About.vue": {"path":"/Users/arun/Documents/Coding/vue2/todoApp/todolist/src/components/About.vue","statementMap":{},"fnMap":{"0":{"name":"data","decl":{"start":{"line":10,"column":0},"end":{"line":null,"column":-1}},"loc":{"start":{"line":10,"column":0},"end":{"line":null,"column":-1}}}},"branchMap":{},"s":{},"f":{"0":0},"b":{}}
,"/Users/arun/Documents/Coding/vue2/todoApp/todolist/src/components/ListTodo.vue": {"path":"/Users/arun/Documents/Coding/vue2/todoApp/todolist/src/components/ListTodo.vue","statementMap":{"0":{"start":{"line":28,"column":0},"end":{"line":null,"column":-1}},"1":{"start":{"line":34,"column":0},"end":{"line":null,"column":-1}},"2":{"start":{"line":39,"column":0},"end":{"line":null,"column":-1}},"3":{"start":{"line":45,"column":0},"end":{"line":null,"column":-1}},"4":{"start":{"line":46,"column":0},"end":{"line":null,"column":-1}},"5":{"start":{"line":47,"column":0},"end":{"line":null,"column":-1}},"6":{"start":{"line":50,"column":0},"end":{"line":null,"column":-1}},"7":{"start":{"line":53,"column":0},"end":{"line":null,"column":-1}},"8":{"start":{"line":54,"column":0},"end":{"line":null,"column":-1}}},"fnMap":{"0":{"name":"data","decl":{"start":{"line":27,"column":0},"end":{"line":null,"column":-1}},"loc":{"start":{"line":27,"column":0},"end":{"line":31,"column":0}}},"1":{"name":"created","decl":{"start":{"line":33,"column":0},"end":{"line":null,"column":-1}},"loc":{"start":{"line":33,"column":0},"end":{"line":35,"column":0}}},"2":{"name":"todos","decl":{"start":{"line":38,"column":0},"end":{"line":null,"column":-1}},"loc":{"start":{"line":38,"column":0},"end":{"line":40,"column":0}}},"3":{"name":"addItem","decl":{"start":{"line":44,"column":0},"end":{"line":null,"column":-1}},"loc":{"start":{"line":44,"column":0},"end":{"line":48,"column":0}}},"4":{"name":"updateItemStatus","decl":{"start":{"line":49,"column":0},"end":{"line":null,"column":-1}},"loc":{"start":{"line":49,"column":0},"end":{"line":51,"column":0}}},"5":{"name":"deleteItem","decl":{"start":{"line":52,"column":0},"end":{"line":null,"column":-1}},"loc":{"start":{"line":52,"column":0},"end":{"line":55,"column":0}}}},"branchMap":{},"s":{"0":0,"1":0,"2":0,"3":0,"4":0,"5":0,"6":0,"7":0,"8":0},"f":{"0":0,"1":0,"2":0,"3":0,"4":0,"5":0},"b":{}}
,"/Users/arun/Documents/Coding/vue2/todoApp/todolist/src/store/index.js": {"path":"/Users/arun/Documents/Coding/vue2/todoApp/todolist/src/store/index.js","statementMap":{"0":{"start":{"line":1,"column":0},"end":{"line":null,"column":-1}},"1":{"start":{"line":2,"column":0},"end":{"line":null,"column":-1}},"2":{"start":{"line":3,"column":0},"end":{"line":null,"column":-1}},"3":{"start":{"line":13,"column":11},"end":{"line":12,"column":10}},"4":{"start":{"line":17,"column":6},"end":{"line":null,"column":-1}},"5":{"start":{"line":20,"column":6},"end":{"line":null,"column":-1}},"6":{"start":{"line":23,"column":6},"end":{"line":null,"column":-1}},"7":{"start":{"line":26,"column":18},"end":{"line":26,"column":6}},"8":{"start":{"line":27,"column":6},"end":{"line":null,"column":-1}},"9":{"start":{"line":30,"column":18},"end":{"line":30,"column":6}},"10":{"start":{"line":31,"column":6},"end":{"line":null,"column":-1}},"11":{"start":{"line":32,"column":8},"end":{"line":34,"column":9}},"12":{"start":{"line":33,"column":10},"end":{"line":null,"column":-1}},"13":{"start":{"line":36,"column":6},"end":{"line":null,"column":-1}},"14":{"start":{"line":39,"column":6},"end":{"line":null,"column":-1}},"15":{"start":{"line":43,"column":26},"end":{"line":43,"column":25}},"16":{"start":{"line":44,"column":6},"end":{"line":null,"column":-1}},"17":{"start":{"line":45,"column":6},"end":{"line":null,"column":-1}},"18":{"start":{"line":47,"column":14},"end":{"line":45,"column":5}},"19":{"start":{"line":49,"column":10},"end":{"line":null,"column":-1}},"20":{"start":{"line":50,"column":10},"end":{"line":null,"column":-1}},"21":{"start":{"line":53,"column":39},"end":{"line":53,"column":38}},"22":{"start":{"line":54,"column":6},"end":{"line":56,"column":7}},"23":{"start":{"line":55,"column":8},"end":{"line":null,"column":-1}},"24":{"start":{"line":57,"column":19},"end":{"line":57,"column":6}},"25":{"start":{"line":62,"column":6},"end":{"line":null,"column":-1}},"26":{"start":{"line":63,"column":8},"end":{"line":null,"column":-1}},"27":{"start":{"line":66,"column":38},"end":{"line":66,"column":37}},"28":{"start":{"line":67,"column":6},"end":{"line":null,"column":-1}},"29":{"start":{"line":68,"column":8},"end":{"line":null,"column":-1}},"30":{"start":{"line":71,"column":38},"end":{"line":71,"column":37}},"31":{"start":{"line":72,"column":26},"end":{"line":72,"column":6}},"32":{"start":{"line":73,"column":6},"end":{"line":null,"column":-1}},"33":{"start":{"line":74,"column":6},"end":{"line":null,"column":-1}},"34":{"start":{"line":75,"column":8},"end":{"line":null,"column":-1}},"35":{"start":{"line":78,"column":30},"end":{"line":78,"column":29}},"36":{"start":{"line":79,"column":6},"end":{"line":null,"column":-1}},"37":{"start":{"line":86,"column":12},"end":{"line":86,"column":2}},"38":{"start":{"line":87,"column":11},"end":{"line":87,"column":2}},"39":{"start":{"line":88,"column":2},"end":{"line":null,"column":-1}}},"fnMap":{"0":{"name":"todos","decl":{"start":{"line":13,"column":11},"end":{"line":13,"column":19}},"loc":{"start":{"line":13,"column":11},"end":{"line":12,"column":11}}},"1":{"name":"SET_LOADING","decl":{"start":{"line":15,"column":13},"end":{"line":16,"column":16}},"loc":{"start":{"line":16,"column":30},"end":{"line":15,"column":13}}},"2":{"name":"SET_TODOS","decl":{"start":{"line":15,"column":13},"end":{"line":19,"column":14}},"loc":{"start":{"line":19,"column":29},"end":{"line":15,"column":13}}},"3":{"name":"ADD_TODO","decl":{"start":{"line":15,"column":13},"end":{"line":22,"column":13}},"loc":{"start":{"line":22,"column":33},"end":{"line":15,"column":13}}},"4":{"name":"DELETE_TODO","decl":{"start":{"line":15,"column":13},"end":{"line":25,"column":16}},"loc":{"start":{"line":25,"column":30},"end":{"line":15,"column":13}}},"5":{"name":"UPDATE_TODO","decl":{"start":{"line":15,"column":13},"end":{"line":29,"column":16}},"loc":{"start":{"line":29,"column":30},"end":{"line":15,"column":13}}},"6":{"name":"(anonymous_7)","decl":{"start":{"line":31,"column":20},"end":{"line":31,"column":20}},"loc":{"start":{"line":31,"column":40},"end":{"line":31,"column":6}}},"7":{"name":"CLEAR_NEW_TODO","decl":{"start":{"line":15,"column":13},"end":{"line":38,"column":19}},"loc":{"start":{"line":38,"column":27},"end":{"line":15,"column":13}}},"8":{"name":"getTodos","decl":{"start":{"line":42,"column":11},"end":{"line":43,"column":25}},"loc":{"start":{"line":43,"column":26},"end":{"line":42,"column":11}}},"9":{"name":"(anonymous_10)","decl":{"start":{"line":47,"column":14},"end":{"line":47,"column":21}},"loc":{"start":{"line":47,"column":14},"end":{"line":45,"column":6}}},"10":{"name":"(anonymous_11)","decl":{"start":{"line":48,"column":14},"end":{"line":48,"column":22}},"loc":{"start":{"line":48,"column":23},"end":{"line":45,"column":6}}},"11":{"name":"addTodoItem","decl":{"start":{"line":42,"column":11},"end":{"line":53,"column":28}},"loc":{"start":{"line":53,"column":39},"end":{"line":42,"column":11}}},"12":{"name":"(anonymous_13)","decl":{"start":{"line":62,"column":59},"end":{"line":62,"column":64}},"loc":{"start":{"line":62,"column":65},"end":{"line":62,"column":6}}},"13":{"name":"deleteTodoItem","decl":{"start":{"line":42,"column":11},"end":{"line":66,"column":31}},"loc":{"start":{"line":66,"column":38},"end":{"line":42,"column":11}}},"14":{"name":"(anonymous_15)","decl":{"start":{"line":67,"column":66},"end":{"line":67,"column":71}},"loc":{"start":{"line":67,"column":72},"end":{"line":67,"column":6}}},"15":{"name":"updateTodoItem","decl":{"start":{"line":42,"column":11},"end":{"line":71,"column":31}},"loc":{"start":{"line":71,"column":38},"end":{"line":42,"column":11}}},"16":{"name":"(anonymous_17)","decl":{"start":{"line":74,"column":76},"end":{"line":74,"column":81}},"loc":{"start":{"line":74,"column":82},"end":{"line":74,"column":6}}},"17":{"name":"clearNewTodo","decl":{"start":{"line":42,"column":11},"end":{"line":78,"column":29}},"loc":{"start":{"line":78,"column":30},"end":{"line":42,"column":11}}},"18":{"name":"randomId","decl":{"start":{"line":85,"column":9},"end":{"line":85,"column":0}},"loc":{"start":{"line":85,"column":21},"end":{"line":89,"column":1}}}},"branchMap":{"0":{"loc":{"start":{"line":32,"column":8},"end":{"line":34,"column":9}},"type":"if","locations":[{"start":{"line":32,"column":8},"end":{"line":34,"column":9}},{"start":{"line":32,"column":8},"end":{"line":34,"column":9}}]},"1":{"loc":{"start":{"line":54,"column":6},"end":{"line":56,"column":7}},"type":"if","locations":[{"start":{"line":54,"column":6},"end":{"line":56,"column":7}},{"start":{"line":54,"column":6},"end":{"line":56,"column":7}}]}},"s":{"0":0,"1":0,"2":0,"3":0,"4":0,"5":0,"6":0,"7":0,"8":0,"9":0,"10":0,"11":0,"12":0,"13":0,"14":0,"15":0,"16":0,"17":0,"18":0,"19":0,"20":0,"21":0,"22":0,"23":0,"24":0,"25":0,"26":0,"27":0,"28":0,"29":0,"30":0,"31":0,"32":0,"33":0,"34":0,"35":0,"36":0,"37":0,"38":0,"39":0},"f":{"0":0,"1":0,"2":0,"3":0,"4":0,"5":0,"6":0,"7":0,"8":0,"9":0,"10":0,"11":0,"12":0,"13":0,"14":0,"15":0,"16":0,"17":0,"18":0},"b":{"0":[0,0],"1":[0,0]}}
}
