TN:
SF:/Users/arun/Documents/Coding/vue2/todoApp/todolist/src/components/About.vue
FN:10,data
FNF:1
FNH:0
FNDA:0,data
LF:0
LH:0
BRF:0
BRH:0
end_of_record
TN:
SF:/Users/arun/Documents/Coding/vue2/todoApp/todolist/src/components/ListTodo.vue
FN:27,data
FN:33,created
FN:38,todos
FN:44,addItem
FN:49,updateItemStatus
FN:52,deleteItem
FNF:6
FNH:0
FNDA:0,data
FNDA:0,created
FNDA:0,todos
FNDA:0,addItem
FNDA:0,updateItemStatus
FNDA:0,deleteItem
DA:28,0
DA:34,0
DA:39,0
DA:45,0
DA:46,0
DA:47,0
DA:50,0
DA:53,0
DA:54,0
LF:9
LH:0
BRF:0
BRH:0
end_of_record
TN:
SF:/Users/arun/Documents/Coding/vue2/todoApp/todolist/src/store/index.js
FN:13,todos
FN:15,SET_LOADING
FN:15,SET_TODOS
FN:15,ADD_TODO
FN:15,DELETE_TODO
FN:15,UPDATE_TODO
FN:31,(anonymous_7)
FN:15,CLEAR_NEW_TODO
FN:42,getTodos
FN:47,(anonymous_10)
FN:48,(anonymous_11)
FN:42,addTodoItem
FN:62,(anonymous_13)
FN:42,deleteTodoItem
FN:67,(anonymous_15)
FN:42,updateTodoItem
FN:74,(anonymous_17)
FN:42,clearNewTodo
FN:85,randomId
FNF:19
FNH:0
FNDA:0,todos
FNDA:0,SET_LOADING
FNDA:0,SET_TODOS
FNDA:0,ADD_TODO
FNDA:0,DELETE_TODO
FNDA:0,UPDATE_TODO
FNDA:0,(anonymous_7)
FNDA:0,CLEAR_NEW_TODO
FNDA:0,getTodos
FNDA:0,(anonymous_10)
FNDA:0,(anonymous_11)
FNDA:0,addTodoItem
FNDA:0,(anonymous_13)
FNDA:0,deleteTodoItem
FNDA:0,(anonymous_15)
FNDA:0,updateTodoItem
FNDA:0,(anonymous_17)
FNDA:0,clearNewTodo
FNDA:0,randomId
DA:1,0
DA:2,0
DA:3,0
DA:13,0
DA:17,0
DA:20,0
DA:23,0
DA:26,0
DA:27,0
DA:30,0
DA:31,0
DA:32,0
DA:33,0
DA:36,0
DA:39,0
DA:43,0
DA:44,0
DA:45,0
DA:47,0
DA:49,0
DA:50,0
DA:53,0
DA:54,0
DA:55,0
DA:57,0
DA:62,0
DA:63,0
DA:66,0
DA:67,0
DA:68,0
DA:71,0
DA:72,0
DA:73,0
DA:74,0
DA:75,0
DA:78,0
DA:79,0
DA:86,0
DA:87,0
DA:88,0
LF:40
LH:0
BRDA:32,0,0,0
BRDA:32,0,1,0
BRDA:54,1,0,0
BRDA:54,1,1,0
BRF:4
BRH:0
end_of_record
